<?xml version="1.0" encoding="UTF-8"?>
<testng-results ignored="0" total="1" passed="1" failed="0" skipped="0">
  <reporter-output>
  </reporter-output>
  <suite started-at="2026-01-11T19:24:23 IST" name="Default suite" finished-at="2026-01-11T19:24:56 IST" duration-ms="33028">
    <groups>
    </groups>
    <test started-at="2026-01-11T19:24:23 IST" name="Default test" finished-at="2026-01-11T19:24:56 IST" duration-ms="33028">
      <class name="tests.OrangeHRMTest">
        <test-method signature="loginTest()[pri:0, instance:tests.OrangeHRMTest@1ffaf86]" started-at="2026-01-11T19:24:23 IST" name="loginTest" finished-at="2026-01-11T19:24:56 IST" duration-ms="32939" status="PASS">
          <reporter-output>
          </reporter-output>
        </test-method> <!-- loginTest -->
      </class> <!-- tests.OrangeHRMTest -->
    </test> <!-- Default test -->
  </suite> <!-- Default suite -->
</testng-results>
